================== Exp 0 ==================
dataset: TL_CIFAR10, model: Linear, selection: AdaEL2NL1, num_ex: 1, epochs: 15, fraction: 0.01, seed: 94475, lr: 1.5, save_path: ./result, resume: , device: cuda, checkpoint_name: TL_CIFAR10_Linear_AdaEL2NL1_exp0_epoch15_0.01_
feature dim:  768  class:  10
Using one GPU.
=> Saving checkpoint for epoch 0, with Prec@1 0.000000.
perform selection at epoch 0.
selection method: Random.
At epoch0, select 438 samples, take 0.0010497570037841797 s.
Epoch: [0][0/4]	Time 1.419 (1.419)	Loss 2.2910 (2.2910)	Prec@1 7.812 (7.812)
Test: [0/49]	Time 0.727 (0.727)	Loss 0.1783 (0.1783)	Prec@1 96.875 (96.875)
Test: [20/49]	Time 0.001 (0.036)	Loss 0.2214 (0.2126)	Prec@1 93.750 (94.568)
Test: [40/49]	Time 0.001 (0.019)	Loss 0.1983 (0.2136)	Prec@1 93.750 (94.588)
 * Prec@1 94.528
Test: [0/79]	Time 0.731 (0.731)	Loss 0.2672 (0.2672)	Prec@1 91.406 (91.406)
Test: [20/79]	Time 0.001 (0.037)	Loss 0.1750 (0.2133)	Prec@1 96.094 (94.754)
Test: [40/79]	Time 0.001 (0.019)	Loss 0.2348 (0.2142)	Prec@1 92.969 (94.779)
Test: [60/79]	Time 0.001 (0.013)	Loss 0.1852 (0.2105)	Prec@1 96.094 (94.954)
 * Prec@1 94.860
=> Saving checkpoint for epoch 0, with Prec@1 94.860000.
Epoch: [1][0/4]	Time 0.724 (0.724)	Loss 0.1236 (0.1236)	Prec@1 96.875 (96.875)
Test: [0/49]	Time 0.705 (0.705)	Loss 0.1913 (0.1913)	Prec@1 93.750 (93.750)
Test: [20/49]	Time 0.001 (0.036)	Loss 0.1192 (0.1499)	Prec@1 97.656 (95.685)
Test: [40/49]	Time 0.001 (0.019)	Loss 0.0633 (0.1592)	Prec@1 98.438 (95.198)
 * Prec@1 95.088
Test: [0/79]	Time 0.688 (0.688)	Loss 0.2073 (0.2073)	Prec@1 91.406 (91.406)
Test: [20/79]	Time 0.001 (0.035)	Loss 0.1062 (0.1553)	Prec@1 97.656 (95.275)
Test: [40/79]	Time 0.001 (0.018)	Loss 0.1644 (0.1574)	Prec@1 94.531 (95.293)
Test: [60/79]	Time 0.001 (0.012)	Loss 0.1300 (0.1566)	Prec@1 96.094 (95.389)
 * Prec@1 95.260
=> Saving checkpoint for epoch 1, with Prec@1 95.260000.
Epoch: [2][0/4]	Time 0.688 (0.688)	Loss 0.0390 (0.0390)	Prec@1 99.219 (99.219)
Test: [0/49]	Time 0.689 (0.689)	Loss 0.1536 (0.1536)	Prec@1 97.656 (97.656)
Test: [20/49]	Time 0.001 (0.034)	Loss 0.2852 (0.1902)	Prec@1 91.406 (94.271)
Test: [40/49]	Time 0.000 (0.018)	Loss 0.1935 (0.1654)	Prec@1 95.312 (95.160)
 * Prec@1 95.184
Test: [0/79]	Time 0.684 (0.684)	Loss 0.2030 (0.2030)	Prec@1 92.969 (92.969)
Test: [20/79]	Time 0.001 (0.034)	Loss 0.1070 (0.1577)	Prec@1 97.656 (95.536)
Test: [40/79]	Time 0.001 (0.018)	Loss 0.1544 (0.1601)	Prec@1 94.531 (95.465)
Test: [60/79]	Time 0.001 (0.012)	Loss 0.1304 (0.1603)	Prec@1 96.875 (95.543)
 * Prec@1 95.420
=> Saving checkpoint for epoch 2, with Prec@1 95.420000.
Epoch: [3][0/4]	Time 0.692 (0.692)	Loss 0.0175 (0.0175)	Prec@1 100.000 (100.000)
Test: [0/49]	Time 0.694 (0.694)	Loss 0.1699 (0.1699)	Prec@1 94.531 (94.531)
Test: [20/49]	Time 0.001 (0.035)	Loss 0.1028 (0.1483)	Prec@1 96.094 (95.536)
Test: [40/49]	Time 0.000 (0.018)	Loss 0.1799 (0.1642)	Prec@1 94.531 (95.255)
 * Prec@1 95.232
Test: [0/79]	Time 0.691 (0.691)	Loss 0.2028 (0.2028)	Prec@1 92.188 (92.188)
Test: [20/79]	Time 0.001 (0.035)	Loss 0.1078 (0.1615)	Prec@1 96.875 (95.536)
Test: [40/79]	Time 0.001 (0.018)	Loss 0.1525 (0.1641)	Prec@1 94.531 (95.427)
Test: [60/79]	Time 0.001 (0.012)	Loss 0.1352 (0.1646)	Prec@1 96.875 (95.505)
 * Prec@1 95.380
Epoch: [4][0/4]	Time 0.732 (0.732)	Loss 0.0046 (0.0046)	Prec@1 100.000 (100.000)
Test: [0/49]	Time 0.734 (0.734)	Loss 0.1536 (0.1536)	Prec@1 93.750 (93.750)
Test: [20/49]	Time 0.001 (0.037)	Loss 0.2702 (0.1559)	Prec@1 93.750 (95.350)
Test: [40/49]	Time 0.002 (0.019)	Loss 0.1737 (0.1622)	Prec@1 96.094 (95.427)
 * Prec@1 95.264
Test: [0/79]	Time 0.727 (0.727)	Loss 0.2021 (0.2021)	Prec@1 92.188 (92.188)
Test: [20/79]	Time 0.001 (0.038)	Loss 0.1080 (0.1638)	Prec@1 96.875 (95.424)
Test: [40/79]	Time 0.001 (0.020)	Loss 0.1520 (0.1665)	Prec@1 94.531 (95.370)
Test: [60/79]	Time 0.001 (0.013)	Loss 0.1390 (0.1672)	Prec@1 96.094 (95.479)
 * Prec@1 95.400
perform selection at epoch 5.
selection method: AdaEL2NL1.
self n train = len dist train =  43750
called EL2N-l1, with 1 ensemble and 0 epochs, 43750 all samples
use a window
At epoch5, select 438 samples, take 1.1969811916351318 s.
Epoch: [5][0/4]	Time 0.731 (0.731)	Loss 0.8567 (0.8567)	Prec@1 59.375 (59.375)
Test: [0/49]	Time 0.733 (0.733)	Loss 0.1250 (0.1250)	Prec@1 94.531 (94.531)
Test: [20/49]	Time 0.001 (0.036)	Loss 0.0880 (0.1489)	Prec@1 96.094 (95.796)
Test: [40/49]	Time 0.000 (0.019)	Loss 0.0759 (0.1527)	Prec@1 98.438 (95.636)
 * Prec@1 95.584
Test: [0/79]	Time 0.727 (0.727)	Loss 0.1834 (0.1834)	Prec@1 92.969 (92.969)
Test: [20/79]	Time 0.001 (0.037)	Loss 0.1005 (0.1487)	Prec@1 97.656 (96.168)
Test: [40/79]	Time 0.001 (0.019)	Loss 0.1409 (0.1553)	Prec@1 95.312 (95.770)
Test: [60/79]	Time 0.001 (0.013)	Loss 0.1279 (0.1567)	Prec@1 96.094 (95.684)
 * Prec@1 95.690
=> Saving checkpoint for epoch 5, with Prec@1 95.690000.
Epoch: [6][0/4]	Time 0.731 (0.731)	Loss 0.5385 (0.5385)	Prec@1 82.812 (82.812)
Test: [0/49]	Time 0.724 (0.724)	Loss 0.1747 (0.1747)	Prec@1 95.312 (95.312)
Test: [20/49]	Time 0.001 (0.036)	Loss 0.1536 (0.1444)	Prec@1 95.312 (96.057)
Test: [40/49]	Time 0.001 (0.019)	Loss 0.0643 (0.1448)	Prec@1 96.875 (95.884)
 * Prec@1 95.728
Test: [0/79]	Time 0.689 (0.689)	Loss 0.1605 (0.1605)	Prec@1 93.750 (93.750)
Test: [20/79]	Time 0.001 (0.035)	Loss 0.0970 (0.1446)	Prec@1 97.656 (96.094)
Test: [40/79]	Time 0.001 (0.018)	Loss 0.1388 (0.1538)	Prec@1 95.312 (95.903)
Test: [60/79]	Time 0.001 (0.012)	Loss 0.1354 (0.1546)	Prec@1 96.094 (95.876)
 * Prec@1 95.790
=> Saving checkpoint for epoch 6, with Prec@1 95.790000.
Epoch: [7][0/4]	Time 0.686 (0.686)	Loss 0.3413 (0.3413)	Prec@1 93.750 (93.750)
Test: [0/49]	Time 0.693 (0.693)	Loss 0.1326 (0.1326)	Prec@1 96.875 (96.875)
Test: [20/49]	Time 0.001 (0.034)	Loss 0.1851 (0.1364)	Prec@1 95.312 (96.019)
Test: [40/49]	Time 0.001 (0.018)	Loss 0.2626 (0.1507)	Prec@1 94.531 (95.751)
 * Prec@1 95.824
Test: [0/79]	Time 0.693 (0.693)	Loss 0.1620 (0.1620)	Prec@1 94.531 (94.531)
Test: [20/79]	Time 0.001 (0.035)	Loss 0.0861 (0.1451)	Prec@1 97.656 (96.243)
Test: [40/79]	Time 0.001 (0.018)	Loss 0.1327 (0.1545)	Prec@1 96.875 (95.979)
Test: [60/79]	Time 0.001 (0.013)	Loss 0.1191 (0.1558)	Prec@1 96.875 (96.017)
 * Prec@1 95.930
=> Saving checkpoint for epoch 7, with Prec@1 95.930000.
Epoch: [8][0/4]	Time 0.689 (0.689)	Loss 0.2790 (0.2790)	Prec@1 95.312 (95.312)
Test: [0/49]	Time 0.688 (0.688)	Loss 0.1623 (0.1623)	Prec@1 96.094 (96.094)
Test: [20/49]	Time 0.001 (0.035)	Loss 0.2083 (0.1565)	Prec@1 95.312 (95.759)
Test: [40/49]	Time 0.001 (0.018)	Loss 0.0991 (0.1563)	Prec@1 96.875 (95.713)
 * Prec@1 95.808
Test: [0/79]	Time 0.689 (0.689)	Loss 0.1647 (0.1647)	Prec@1 94.531 (94.531)
Test: [20/79]	Time 0.001 (0.035)	Loss 0.0858 (0.1440)	Prec@1 97.656 (96.205)
Test: [40/79]	Time 0.001 (0.018)	Loss 0.1316 (0.1537)	Prec@1 97.656 (95.960)
Test: [60/79]	Time 0.001 (0.012)	Loss 0.1158 (0.1547)	Prec@1 96.875 (96.043)
 * Prec@1 96.000
=> Saving checkpoint for epoch 8, with Prec@1 96.000000.
Epoch: [9][0/4]	Time 0.698 (0.698)	Loss 0.1688 (0.1688)	Prec@1 98.438 (98.438)
Test: [0/49]	Time 0.692 (0.692)	Loss 0.0834 (0.0834)	Prec@1 96.875 (96.875)
Test: [20/49]	Time 0.001 (0.035)	Loss 0.1196 (0.1537)	Prec@1 96.094 (95.722)
Test: [40/49]	Time 0.000 (0.018)	Loss 0.2438 (0.1537)	Prec@1 91.406 (95.732)
 * Prec@1 95.824
Test: [0/79]	Time 0.692 (0.692)	Loss 0.1645 (0.1645)	Prec@1 94.531 (94.531)
Test: [20/79]	Time 0.000 (0.034)	Loss 0.0872 (0.1432)	Prec@1 97.656 (96.205)
Test: [40/79]	Time 0.001 (0.018)	Loss 0.1317 (0.1530)	Prec@1 97.656 (96.018)
Test: [60/79]	Time 0.000 (0.012)	Loss 0.1157 (0.1540)	Prec@1 96.875 (96.017)
 * Prec@1 95.990
perform selection at epoch 10.
selection method: AdaEL2NL1.
self n train = len dist train =  43750
called EL2N-l1, with 1 ensemble and 0 epochs, 43750 all samples
use a window
At epoch10, select 438 samples, take 1.1651811599731445 s.
Epoch: [10][0/4]	Time 0.688 (0.688)	Loss 0.4560 (0.4560)	Prec@1 100.000 (100.000)
Test: [0/49]	Time 0.690 (0.690)	Loss 0.1094 (0.1094)	Prec@1 96.875 (96.875)
Test: [20/49]	Time 0.001 (0.035)	Loss 0.0790 (0.1441)	Prec@1 95.312 (96.243)
Test: [40/49]	Time 0.001 (0.018)	Loss 0.0728 (0.1496)	Prec@1 98.438 (96.037)
 * Prec@1 95.920
Test: [0/79]	Time 0.687 (0.687)	Loss 0.1642 (0.1642)	Prec@1 95.312 (95.312)
Test: [20/79]	Time 0.001 (0.035)	Loss 0.0881 (0.1425)	Prec@1 97.656 (96.280)
Test: [40/79]	Time 0.001 (0.018)	Loss 0.1309 (0.1523)	Prec@1 97.656 (96.056)
Test: [60/79]	Time 0.001 (0.012)	Loss 0.1160 (0.1534)	Prec@1 96.875 (96.055)
 * Prec@1 96.000
Epoch: [11][0/4]	Time 0.728 (0.728)	Loss 0.4409 (0.4409)	Prec@1 100.000 (100.000)
Test: [0/49]	Time 0.733 (0.733)	Loss 0.1771 (0.1771)	Prec@1 95.312 (95.312)
Test: [20/49]	Time 0.000 (0.037)	Loss 0.1526 (0.1439)	Prec@1 95.312 (96.317)
Test: [40/49]	Time 0.000 (0.019)	Loss 0.0524 (0.1440)	Prec@1 98.438 (96.170)
 * Prec@1 95.936
Test: [0/79]	Time 0.726 (0.726)	Loss 0.1642 (0.1642)	Prec@1 95.312 (95.312)
Test: [20/79]	Time 0.001 (0.037)	Loss 0.0882 (0.1424)	Prec@1 97.656 (96.280)
Test: [40/79]	Time 0.001 (0.019)	Loss 0.1307 (0.1521)	Prec@1 97.656 (96.056)
Test: [60/79]	Time 0.001 (0.013)	Loss 0.1158 (0.1532)	Prec@1 96.875 (96.055)
 * Prec@1 95.990
Epoch: [12][0/4]	Time 0.726 (0.726)	Loss 0.4287 (0.4287)	Prec@1 100.000 (100.000)
Test: [0/49]	Time 0.727 (0.727)	Loss 0.1338 (0.1338)	Prec@1 96.875 (96.875)
Test: [20/49]	Time 0.000 (0.037)	Loss 0.1893 (0.1387)	Prec@1 94.531 (96.131)
Test: [40/49]	Time 0.000 (0.019)	Loss 0.2854 (0.1505)	Prec@1 94.531 (95.922)
 * Prec@1 95.936
Test: [0/79]	Time 0.701 (0.701)	Loss 0.1642 (0.1642)	Prec@1 95.312 (95.312)
Test: [20/79]	Time 0.001 (0.035)	Loss 0.0878 (0.1423)	Prec@1 97.656 (96.280)
Test: [40/79]	Time 0.001 (0.018)	Loss 0.1305 (0.1521)	Prec@1 97.656 (96.056)
Test: [60/79]	Time 0.001 (0.013)	Loss 0.1156 (0.1532)	Prec@1 96.875 (96.055)
 * Prec@1 96.000
Epoch: [13][0/4]	Time 0.730 (0.730)	Loss 0.4345 (0.4345)	Prec@1 100.000 (100.000)
Test: [0/49]	Time 0.729 (0.729)	Loss 0.1676 (0.1676)	Prec@1 96.094 (96.094)
Test: [20/49]	Time 0.001 (0.037)	Loss 0.2118 (0.1563)	Prec@1 96.094 (95.945)
Test: [40/49]	Time 0.001 (0.019)	Loss 0.1060 (0.1556)	Prec@1 96.875 (95.808)
 * Prec@1 95.904
Test: [0/79]	Time 0.725 (0.725)	Loss 0.1642 (0.1642)	Prec@1 95.312 (95.312)
Test: [20/79]	Time 0.000 (0.036)	Loss 0.0851 (0.1418)	Prec@1 97.656 (96.280)
Test: [40/79]	Time 0.000 (0.019)	Loss 0.1284 (0.1516)	Prec@1 97.656 (96.075)
Test: [60/79]	Time 0.000 (0.013)	Loss 0.1142 (0.1528)	Prec@1 96.875 (96.068)
 * Prec@1 96.040
=> Saving checkpoint for epoch 13, with Prec@1 96.040000.
Epoch: [14][0/4]	Time 0.725 (0.725)	Loss 0.4042 (0.4042)	Prec@1 100.000 (100.000)
Test: [0/49]	Time 0.726 (0.726)	Loss 0.0773 (0.0773)	Prec@1 96.875 (96.875)
Test: [20/49]	Time 0.001 (0.036)	Loss 0.1123 (0.1500)	Prec@1 96.875 (95.871)
Test: [40/49]	Time 0.001 (0.019)	Loss 0.2363 (0.1508)	Prec@1 91.406 (95.846)
 * Prec@1 95.968
Test: [0/79]	Time 0.688 (0.688)	Loss 0.1643 (0.1643)	Prec@1 95.312 (95.312)
Test: [20/79]	Time 0.000 (0.035)	Loss 0.0831 (0.1406)	Prec@1 97.656 (96.317)
Test: [40/79]	Time 0.001 (0.018)	Loss 0.1237 (0.1504)	Prec@1 97.656 (96.094)
Test: [60/79]	Time 0.001 (0.013)	Loss 0.1121 (0.1519)	Prec@1 96.875 (96.132)
 * Prec@1 96.090
=> Saving checkpoint for epoch 14, with Prec@1 96.090000.
training time:  0.9732396602630615
test time:  0.1804516315460205
| Best accuracy:  96.09